<?xml version="1.0" encoding="UTF-8"?>
<!-- Generated by org.testng.reporters.JUnitReportReporter -->
<testsuite skipped="0" hostname="KrishnaKumarN" name="com.mavenownproject.utilities.multipleDataProviders.TestCase_CallingMultipleDataProviders_Class" tests="4" failures="0" timestamp="25 Jun 2019 18:32:59 GMT" time="0.063" errors="0">
  <testcase name="TestCase2" time="0.005" classname="com.mavenownproject.utilities.multipleDataProviders.TestCase_CallingMultipleDataProviders_Class"/>
  <testcase name="TestCase1" time="0.006" classname="com.mavenownproject.utilities.multipleDataProviders.TestCase_CallingMultipleDataProviders_Class"/>
  <testcase name="TestCase2" time="0.006" classname="com.mavenownproject.utilities.multipleDataProviders.TestCase_CallingMultipleDataProviders_Class"/>
  <testcase name="TestCase1" time="0.046" classname="com.mavenownproject.utilities.multipleDataProviders.TestCase_CallingMultipleDataProviders_Class"/>
</testsuite> <!-- com.mavenownproject.utilities.multipleDataProviders.TestCase_CallingMultipleDataProviders_Class -->
