<?xml version="1.0" encoding="UTF-8"?>
<!-- Generated by org.testng.reporters.JUnitReportReporter -->
<testsuite skipped="0" hostname="KrishnaKumarN" name="com.mavenownproject.testcases.CommonTestCase" tests="4" failures="0" timestamp="13 Jun 2019 19:29:57 GMT" time="0.015" errors="0">
  <testcase name="commonTestCase1" time="0.004" classname="com.mavenownproject.testcases.CommonTestCase"/>
  <testcase name="commonTestCase2" time="0.003" classname="com.mavenownproject.testcases.CommonTestCase"/>
  <testcase name="commonTestCase2" time="0.004" classname="com.mavenownproject.testcases.CommonTestCase"/>
  <testcase name="commonTestCase1" time="0.004" classname="com.mavenownproject.testcases.CommonTestCase"/>
</testsuite> <!-- com.mavenownproject.testcases.CommonTestCase -->
