<?xml version="1.0" encoding="UTF-8"?>
<!-- Generated by org.testng.reporters.JUnitReportReporter -->
<testsuite skipped="0" hostname="KrishnaKumarN" name="com.mavenownproject.testcases.TestNG2" tests="1" failures="0" timestamp="13 Jun 2019 19:29:57 GMT" time="0.005" errors="0">
  <testcase name="loginMethod2" time="0.005" classname="com.mavenownproject.testcases.TestNG2"/>
</testsuite> <!-- com.mavenownproject.testcases.TestNG2 -->
