<?xml version="1.0" encoding="UTF-8"?>
<!-- Generated by org.testng.reporters.JUnitReportReporter -->
<testsuite skipped="0" hostname="KrishnaKumarN" name="com.mavenownproject.utilites.fetchingParameterValuefromParameterXML.Parameter_Value_fetching_from_XML" tests="2" failures="0" timestamp="25 Jun 2019 19:28:08 GMT" time="0.032" errors="0">
  <testcase name="testCase1" time="0.004" classname="com.mavenownproject.utilites.fetchingParameterValuefromParameterXML.Parameter_Value_fetching_from_XML"/>
  <testcase name="testCase1" time="0.028" classname="com.mavenownproject.utilites.fetchingParameterValuefromParameterXML.Parameter_Value_fetching_from_XML"/>
</testsuite> <!-- com.mavenownproject.utilites.fetchingParameterValuefromParameterXML.Parameter_Value_fetching_from_XML -->
