<?xml version="1.0" encoding="UTF-8"?>
<!-- Generated by org.testng.reporters.JUnitReportReporter -->
<testsuite skipped="0" hostname="KrishnaKumarN" name="com.mavenownproject.utilities.multipleDataProviders.TestCase_CallingMultipleDataProviders_Class_NewTechnique" tests="4" failures="0" timestamp="25 Jun 2019 18:57:34 GMT" time="0.039" errors="0">
  <testcase name="TestCase2" time="0.004" classname="com.mavenownproject.utilities.multipleDataProviders.TestCase_CallingMultipleDataProviders_Class_NewTechnique"/>
  <testcase name="TestCase1" time="0.004" classname="com.mavenownproject.utilities.multipleDataProviders.TestCase_CallingMultipleDataProviders_Class_NewTechnique"/>
  <testcase name="TestCase2" time="0.003" classname="com.mavenownproject.utilities.multipleDataProviders.TestCase_CallingMultipleDataProviders_Class_NewTechnique"/>
  <testcase name="TestCase1" time="0.028" classname="com.mavenownproject.utilities.multipleDataProviders.TestCase_CallingMultipleDataProviders_Class_NewTechnique"/>
</testsuite> <!-- com.mavenownproject.utilities.multipleDataProviders.TestCase_CallingMultipleDataProviders_Class_NewTechnique -->
