<?xml version="1.0" encoding="UTF-8"?>
<!-- Generated by org.testng.reporters.JUnitReportReporter -->
<testsuite skipped="0" hostname="KrishnaKumarN" name="com.mavenownproject.testcases.testcase1" tests="2" failures="0" timestamp="13 Jun 2019 19:29:57 GMT" time="0.019" errors="0">
  <testcase name="loginMethod1" time="0.015" classname="com.mavenownproject.testcases.testcase1"/>
  <testcase name="loginMethod_NewTest" time="0.004" classname="com.mavenownproject.testcases.testcase1"/>
</testsuite> <!-- com.mavenownproject.testcases.testcase1 -->
