<?xml version="1.0" encoding="UTF-8"?>
<!-- Generated by org.testng.reporters.JUnitReportReporter -->
<testsuite skipped="0" hostname="KrishnaKumarN" name="com.mavenownproject.testcases.TestNG3" tests="2" failures="0" timestamp="12 Jun 2019 18:23:15 GMT" time="0.019" errors="0">
  <testcase name="firsttest2_1" time="0.004" classname="com.mavenownproject.testcases.TestNG3"/>
  <testcase name="firsttest1_1" time="0.015" classname="com.mavenownproject.testcases.TestNG3"/>
</testsuite> <!-- com.mavenownproject.testcases.TestNG3 -->
