<?xml version="1.0" encoding="UTF-8"?>
<!-- Generated by org.testng.reporters.JUnitReportReporter -->
<testsuite skipped="0" hostname="KrishnaKumarN" name="com.mavenownproject.testcases.Test_Log4jSample" tests="1" failures="0" timestamp="22 Jun 2019 05:47:17 GMT" time="0.048" errors="0">
  <testcase name="test1" time="0.048" classname="com.mavenownproject.testcases.Test_Log4jSample"/>
</testsuite> <!-- com.mavenownproject.testcases.Test_Log4jSample -->
